<?xml version="1.0" encoding="UTF-8"?>
<!-- Generated by org.testng.reporters.JUnitXMLReporter -->
<testsuite hostname="lenovo-PC" name="Test" tests="1" failures="0" timestamp="21 Jun 2020 12:54:39 GMT" time="0.257" errors="0">
  <testcase name="@BeforeClass openBrowser" time="0.0" classname="com.scripts.MavenCrossBrowserTesting.TestActitimeLogin">
    <failure type="org.testng.TestNGException" message="
Parameter &amp;apos;browser&amp;apos; is required by @Configuration on method openBrowser but has not been marked @Optional or defined
in H:\automation using java scripts\MavenCrossBrowserTesting\testng.xml">
      <![CDATA[org.testng.TestNGException: 
Parameter 'browser' is required by @Configuration on method openBrowser but has not been marked @Optional or defined
in H:\automation using java scripts\MavenCrossBrowserTesting\testng.xml
... Removed 21 stack frames]]>
    </failure>
  </testcase> <!-- @BeforeClass openBrowser -->
  <testcase name="@BeforeMethod openApp" time="0.0" classname="com.scripts.MavenCrossBrowserTesting.TestActitimeLogin">
    <skipped/>
  </testcase> <!-- @BeforeMethod openApp -->
  <testcase name="login" time="0.007" classname="com.scripts.MavenCrossBrowserTesting.TestActitimeLogin">
    <skipped/>
  </testcase> <!-- login -->
</testsuite> <!-- Test -->
