<?xml version="1.0" encoding="UTF-8"?>
<testng-results skipped="1" failed="1" total="3" passed="1">
  <reporter-output>
  </reporter-output>
  <suite name="Suite" duration-ms="78955" started-at="2020-06-21T16:50:09Z" finished-at="2020-06-21T16:51:28Z">
    <groups>
    </groups>
    <test name="TestFirefox" duration-ms="48120" started-at="2020-06-21T16:50:09Z" finished-at="2020-06-21T16:50:57Z">
      <class name="com.scripts.MavenCrossBrowserTesting.TestActitimeLogin">
        <test-method status="FAIL" signature="openBrowser(java.lang.String)[pri:0, instance:com.scripts.MavenCrossBrowserTesting.TestActitimeLogin@56ef9176]" name="openBrowser" is-config="true" duration-ms="0" started-at="2020-06-21T12:50:09Z" finished-at="2020-06-21T12:50:09Z">
          <params>
            <param index="0">
              <value>
                <![CDATA[firefox]]>
              </value>
            </param>
          </params>
          <exception class="org.openqa.selenium.WebDriverException">
            <message>
              <![CDATA[Failed to connect to binary FirefoxBinary(C:\Program Files\Mozilla Firefox\firefox.exe) on port 7055; process output follows: 
8213181	addons.xpi	DEBUG	Calling bootstrap method startup on e10srollout@mozilla.org version 1.0
1592758213182	addons.xpi	DEBUG	Registering manifest for C:\Program Files\Mozilla Firefox\browser\features\firefox@getpocket.com.xpi
1592758213182	addons.xpi	DEBUG	Calling bootstrap method startup on firefox@getpocket.com version 1.0.2
1592758213183	addons.xpi	DEBUG	Registering manifest for C:\Program Files\Mozilla Firefox\browser\features\loop@mozilla.org.xpi
1592758213184	addons.xpi	DEBUG	Calling bootstrap method startup on loop@mozilla.org version 1.3.2
1592758213200	addons.xpi	DEBUG	Registering manifest for C:\Program Files\Mozilla Firefox\browser\features\websensehelper@mozilla.org.xpi
1592758213201	addons.xpi	DEBUG	Calling bootstrap method startup on websensehelper@mozilla.org version 1.0
1592758213204	addons.manager	DEBUG	Registering shutdown blocker for XPIProvider
1592758213204	addons.manager	DEBUG	Provider finished startup: XPIProvider
1592758213204	addons.manager	DEBUG	Starting provider: LightweightThemeManager
1592758213204	addons.manager	DEBUG	Registering shutdown blocker for LightweightThemeManager
1592758213204	addons.manager	DEBUG	Provider finished startup: LightweightThemeManager
1592758213205	addons.manager	DEBUG	Starting provider: GMPProvider
1592758213211	addons.manager	DEBUG	Registering shutdown blocker for GMPProvider
1592758213211	addons.manager	DEBUG	Provider finished startup: GMPProvider
1592758213211	addons.manager	DEBUG	Starting provider: PluginProvider
1592758213211	addons.manager	DEBUG	Registering shutdown blocker for PluginProvider
1592758213211	addons.manager	DEBUG	Provider finished startup: PluginProvider
1592758213212	addons.manager	DEBUG	Completed startup sequence
1592758214628	addons.manager	DEBUG	Starting provider: <unnamed-provider>
1592758214628	addons.manager	DEBUG	Registering shutdown blocker for <unnamed-provider>
1592758214629	addons.manager	DEBUG	Provider finished startup: <unnamed-provider>
1592758214940	DeferredSave.extensions.json	DEBUG	Write succeeded
1592758214940	addons.xpi-utils	DEBUG	XPI Database saved, setting schema version preference to 17
1592758214940	DeferredSave.extensions.json	DEBUG	Starting timer
1592758214954	addons.repository	DEBUG	No addons.json found.
1592758214955	DeferredSave.addons.json	DEBUG	Save changes
1592758214971	DeferredSave.addons.json	DEBUG	Starting timer
1592758215010	addons.manager	DEBUG	Starting provider: PreviousExperimentProvider
1592758215010	addons.manager	DEBUG	Registering shutdown blocker for PreviousExperimentProvider
1592758215010	addons.manager	DEBUG	Provider finished startup: PreviousExperimentProvider
1592758215012	DeferredSave.extensions.json	DEBUG	Starting write
1592758215035	DeferredSave.addons.json	DEBUG	Starting write
1592758215038	DeferredSave.extensions.json	DEBUG	Write succeeded
1592758215045	DeferredSave.addons.json	DEBUG	Write succeeded
1592758243092	addons.xpi	DEBUG	Calling bootstrap method shutdown on e10srollout@mozilla.org version 1.0
1592758243093	addons.xpi	DEBUG	Calling bootstrap method shutdown on firefox@getpocket.com version 1.0.2
1592758243094	addons.xpi	DEBUG	Calling bootstrap method shutdown on loop@mozilla.org version 1.3.2
1592758243096	addons.xpi	DEBUG	Calling bootstrap method shutdown on websensehelper@mozilla.org version 1.0
1592758243333	addons.manager	DEBUG	shutdown
1592758243334	addons.manager	DEBUG	Calling shutdown blocker for XPIProvider
1592758243334	addons.xpi	DEBUG	shutdown
1592758243335	addons.xpi-utils	DEBUG	shutdown
1592758243336	addons.manager	DEBUG	Calling shutdown blocker for LightweightThemeManager
1592758243337	addons.manager	DEBUG	Calling shutdown blocker for GMPProvider
1592758243342	addons.manager	DEBUG	Calling shutdown blocker for PluginProvider
1592758243343	addons.manager	DEBUG	Calling shutdown blocker for <unnamed-provider>
1592758243347	addons.manager	DEBUG	Calling shutdown blocker for PreviousExperimentProvider
1592758243352	addons.xpi	DEBUG	Notifying XPI shutdown observers
1592758243356	addons.manager	DEBUG	Async provider shutdown done

Build info: version: '2.52.0', revision: '4c2593cfc3689a7fcd7be52549167e5ccc93ad28', time: '2016-02-11 11:22:43'
System info: host: 'lenovo-PC', ip: '192.168.43.184', os.name: 'Windows 8', os.arch: 'amd64', os.version: '6.2', java.version: '1.8.0_251'
Driver info: driver.version: FirefoxDriver]]>
            </message>
            <full-stacktrace>
              <![CDATA[org.openqa.selenium.WebDriverException: Failed to connect to binary FirefoxBinary(C:\Program Files\Mozilla Firefox\firefox.exe) on port 7055; process output follows: 
8213181	addons.xpi	DEBUG	Calling bootstrap method startup on e10srollout@mozilla.org version 1.0
1592758213182	addons.xpi	DEBUG	Registering manifest for C:\Program Files\Mozilla Firefox\browser\features\firefox@getpocket.com.xpi
1592758213182	addons.xpi	DEBUG	Calling bootstrap method startup on firefox@getpocket.com version 1.0.2
1592758213183	addons.xpi	DEBUG	Registering manifest for C:\Program Files\Mozilla Firefox\browser\features\loop@mozilla.org.xpi
1592758213184	addons.xpi	DEBUG	Calling bootstrap method startup on loop@mozilla.org version 1.3.2
1592758213200	addons.xpi	DEBUG	Registering manifest for C:\Program Files\Mozilla Firefox\browser\features\websensehelper@mozilla.org.xpi
1592758213201	addons.xpi	DEBUG	Calling bootstrap method startup on websensehelper@mozilla.org version 1.0
1592758213204	addons.manager	DEBUG	Registering shutdown blocker for XPIProvider
1592758213204	addons.manager	DEBUG	Provider finished startup: XPIProvider
1592758213204	addons.manager	DEBUG	Starting provider: LightweightThemeManager
1592758213204	addons.manager	DEBUG	Registering shutdown blocker for LightweightThemeManager
1592758213204	addons.manager	DEBUG	Provider finished startup: LightweightThemeManager
1592758213205	addons.manager	DEBUG	Starting provider: GMPProvider
1592758213211	addons.manager	DEBUG	Registering shutdown blocker for GMPProvider
1592758213211	addons.manager	DEBUG	Provider finished startup: GMPProvider
1592758213211	addons.manager	DEBUG	Starting provider: PluginProvider
1592758213211	addons.manager	DEBUG	Registering shutdown blocker for PluginProvider
1592758213211	addons.manager	DEBUG	Provider finished startup: PluginProvider
1592758213212	addons.manager	DEBUG	Completed startup sequence
1592758214628	addons.manager	DEBUG	Starting provider: <unnamed-provider>
1592758214628	addons.manager	DEBUG	Registering shutdown blocker for <unnamed-provider>
1592758214629	addons.manager	DEBUG	Provider finished startup: <unnamed-provider>
1592758214940	DeferredSave.extensions.json	DEBUG	Write succeeded
1592758214940	addons.xpi-utils	DEBUG	XPI Database saved, setting schema version preference to 17
1592758214940	DeferredSave.extensions.json	DEBUG	Starting timer
1592758214954	addons.repository	DEBUG	No addons.json found.
1592758214955	DeferredSave.addons.json	DEBUG	Save changes
1592758214971	DeferredSave.addons.json	DEBUG	Starting timer
1592758215010	addons.manager	DEBUG	Starting provider: PreviousExperimentProvider
1592758215010	addons.manager	DEBUG	Registering shutdown blocker for PreviousExperimentProvider
1592758215010	addons.manager	DEBUG	Provider finished startup: PreviousExperimentProvider
1592758215012	DeferredSave.extensions.json	DEBUG	Starting write
1592758215035	DeferredSave.addons.json	DEBUG	Starting write
1592758215038	DeferredSave.extensions.json	DEBUG	Write succeeded
1592758215045	DeferredSave.addons.json	DEBUG	Write succeeded
1592758243092	addons.xpi	DEBUG	Calling bootstrap method shutdown on e10srollout@mozilla.org version 1.0
1592758243093	addons.xpi	DEBUG	Calling bootstrap method shutdown on firefox@getpocket.com version 1.0.2
1592758243094	addons.xpi	DEBUG	Calling bootstrap method shutdown on loop@mozilla.org version 1.3.2
1592758243096	addons.xpi	DEBUG	Calling bootstrap method shutdown on websensehelper@mozilla.org version 1.0
1592758243333	addons.manager	DEBUG	shutdown
1592758243334	addons.manager	DEBUG	Calling shutdown blocker for XPIProvider
1592758243334	addons.xpi	DEBUG	shutdown
1592758243335	addons.xpi-utils	DEBUG	shutdown
1592758243336	addons.manager	DEBUG	Calling shutdown blocker for LightweightThemeManager
1592758243337	addons.manager	DEBUG	Calling shutdown blocker for GMPProvider
1592758243342	addons.manager	DEBUG	Calling shutdown blocker for PluginProvider
1592758243343	addons.manager	DEBUG	Calling shutdown blocker for <unnamed-provider>
1592758243347	addons.manager	DEBUG	Calling shutdown blocker for PreviousExperimentProvider
1592758243352	addons.xpi	DEBUG	Notifying XPI shutdown observers
1592758243356	addons.manager	DEBUG	Async provider shutdown done

Build info: version: '2.52.0', revision: '4c2593cfc3689a7fcd7be52549167e5ccc93ad28', time: '2016-02-11 11:22:43'
System info: host: 'lenovo-PC', ip: '192.168.43.184', os.name: 'Windows 8', os.arch: 'amd64', os.version: '6.2', java.version: '1.8.0_251'
Driver info: driver.version: FirefoxDriver
	at org.openqa.selenium.firefox.internal.NewProfileExtensionConnection.start(NewProfileExtensionConnection.java:125)
	at org.openqa.selenium.firefox.FirefoxDriver.startClient(FirefoxDriver.java:271)
	at org.openqa.selenium.remote.RemoteWebDriver.<init>(RemoteWebDriver.java:119)
	at org.openqa.selenium.firefox.FirefoxDriver.<init>(FirefoxDriver.java:216)
	at org.openqa.selenium.firefox.FirefoxDriver.<init>(FirefoxDriver.java:211)
	at org.openqa.selenium.firefox.FirefoxDriver.<init>(FirefoxDriver.java:207)
	at org.openqa.selenium.firefox.FirefoxDriver.<init>(FirefoxDriver.java:120)
	at com.generics.MavenCrossBrowserTesting.BaseTest.openBrowser(BaseTest.java:25)
	at sun.reflect.NativeMethodAccessorImpl.invoke0(Native Method)
	at sun.reflect.NativeMethodAccessorImpl.invoke(Unknown Source)
	at sun.reflect.DelegatingMethodAccessorImpl.invoke(Unknown Source)
	at java.lang.reflect.Method.invoke(Unknown Source)
	at org.testng.internal.MethodInvocationHelper.invokeMethod(MethodInvocationHelper.java:86)
	at org.testng.internal.Invoker.invokeConfigurationMethod(Invoker.java:514)
	at org.testng.internal.Invoker.invokeConfigurations(Invoker.java:215)
	at org.testng.internal.Invoker.invokeConfigurations(Invoker.java:142)
	at org.testng.internal.TestMethodWorker.invokeBeforeClassMethods(TestMethodWorker.java:178)
	at org.testng.internal.TestMethodWorker.run(TestMethodWorker.java:108)
	at org.testng.TestRunner.privateRun(TestRunner.java:782)
	at org.testng.TestRunner.run(TestRunner.java:632)
	at org.testng.SuiteRunner.runTest(SuiteRunner.java:366)
	at org.testng.SuiteRunner.runSequentially(SuiteRunner.java:361)
	at org.testng.SuiteRunner.privateRun(SuiteRunner.java:319)
	at org.testng.SuiteRunner.run(SuiteRunner.java:268)
	at org.testng.SuiteRunnerWorker.runSuite(SuiteRunnerWorker.java:52)
	at org.testng.SuiteRunnerWorker.run(SuiteRunnerWorker.java:86)
	at org.testng.TestNG.runSuitesSequentially(TestNG.java:1244)
	at org.testng.TestNG.runSuitesLocally(TestNG.java:1169)
	at org.testng.TestNG.run(TestNG.java:1064)
	at org.testng.remote.AbstractRemoteTestNG.run(AbstractRemoteTestNG.java:126)
	at org.testng.remote.RemoteTestNG.initAndRun(RemoteTestNG.java:137)
	at org.testng.remote.RemoteTestNG.main(RemoteTestNG.java:58)
Caused by: org.openqa.selenium.firefox.NotConnectedException: Unable to connect to host 127.0.0.1 on port 7055 after 45000 ms. Firefox console output:
8213181	addons.xpi	DEBUG	Calling bootstrap method startup on e10srollout@mozilla.org version 1.0
1592758213182	addons.xpi	DEBUG	Registering manifest for C:\Program Files\Mozilla Firefox\browser\features\firefox@getpocket.com.xpi
1592758213182	addons.xpi	DEBUG	Calling bootstrap method startup on firefox@getpocket.com version 1.0.2
1592758213183	addons.xpi	DEBUG	Registering manifest for C:\Program Files\Mozilla Firefox\browser\features\loop@mozilla.org.xpi
1592758213184	addons.xpi	DEBUG	Calling bootstrap method startup on loop@mozilla.org version 1.3.2
1592758213200	addons.xpi	DEBUG	Registering manifest for C:\Program Files\Mozilla Firefox\browser\features\websensehelper@mozilla.org.xpi
1592758213201	addons.xpi	DEBUG	Calling bootstrap method startup on websensehelper@mozilla.org version 1.0
1592758213204	addons.manager	DEBUG	Registering shutdown blocker for XPIProvider
1592758213204	addons.manager	DEBUG	Provider finished startup: XPIProvider
1592758213204	addons.manager	DEBUG	Starting provider: LightweightThemeManager
1592758213204	addons.manager	DEBUG	Registering shutdown blocker for LightweightThemeManager
1592758213204	addons.manager	DEBUG	Provider finished startup: LightweightThemeManager
1592758213205	addons.manager	DEBUG	Starting provider: GMPProvider
1592758213211	addons.manager	DEBUG	Registering shutdown blocker for GMPProvider
1592758213211	addons.manager	DEBUG	Provider finished startup: GMPProvider
1592758213211	addons.manager	DEBUG	Starting provider: PluginProvider
1592758213211	addons.manager	DEBUG	Registering shutdown blocker for PluginProvider
1592758213211	addons.manager	DEBUG	Provider finished startup: PluginProvider
1592758213212	addons.manager	DEBUG	Completed startup sequence
1592758214628	addons.manager	DEBUG	Starting provider: <unnamed-provider>
1592758214628	addons.manager	DEBUG	Registering shutdown blocker for <unnamed-provider>
1592758214629	addons.manager	DEBUG	Provider finished startup: <unnamed-provider>
1592758214940	DeferredSave.extensions.json	DEBUG	Write succeeded
1592758214940	addons.xpi-utils	DEBUG	XPI Database saved, setting schema version preference to 17
1592758214940	DeferredSave.extensions.json	DEBUG	Starting timer
1592758214954	addons.repository	DEBUG	No addons.json found.
1592758214955	DeferredSave.addons.json	DEBUG	Save changes
1592758214971	DeferredSave.addons.json	DEBUG	Starting timer
1592758215010	addons.manager	DEBUG	Starting provider: PreviousExperimentProvider
1592758215010	addons.manager	DEBUG	Registering shutdown blocker for PreviousExperimentProvider
1592758215010	addons.manager	DEBUG	Provider finished startup: PreviousExperimentProvider
1592758215012	DeferredSave.extensions.json	DEBUG	Starting write
1592758215035	DeferredSave.addons.json	DEBUG	Starting write
1592758215038	DeferredSave.extensions.json	DEBUG	Write succeeded
1592758215045	DeferredSave.addons.json	DEBUG	Write succeeded
1592758243092	addons.xpi	DEBUG	Calling bootstrap method shutdown on e10srollout@mozilla.org version 1.0
1592758243093	addons.xpi	DEBUG	Calling bootstrap method shutdown on firefox@getpocket.com version 1.0.2
1592758243094	addons.xpi	DEBUG	Calling bootstrap method shutdown on loop@mozilla.org version 1.3.2
1592758243096	addons.xpi	DEBUG	Calling bootstrap method shutdown on websensehelper@mozilla.org version 1.0
1592758243333	addons.manager	DEBUG	shutdown
1592758243334	addons.manager	DEBUG	Calling shutdown blocker for XPIProvider
1592758243334	addons.xpi	DEBUG	shutdown
1592758243335	addons.xpi-utils	DEBUG	shutdown
1592758243336	addons.manager	DEBUG	Calling shutdown blocker for LightweightThemeManager
1592758243337	addons.manager	DEBUG	Calling shutdown blocker for GMPProvider
1592758243342	addons.manager	DEBUG	Calling shutdown blocker for PluginProvider
1592758243343	addons.manager	DEBUG	Calling shutdown blocker for <unnamed-provider>
1592758243347	addons.manager	DEBUG	Calling shutdown blocker for PreviousExperimentProvider
1592758243352	addons.xpi	DEBUG	Notifying XPI shutdown observers
1592758243356	addons.manager	DEBUG	Async provider shutdown done

	at org.openqa.selenium.firefox.internal.NewProfileExtensionConnection.start(NewProfileExtensionConnection.java:113)
	... 31 more
]]>
            </full-stacktrace>
          </exception> <!-- org.openqa.selenium.WebDriverException -->
          <reporter-output>
          </reporter-output>
        </test-method> <!-- openBrowser -->
        <test-method status="SKIP" signature="openApp()[pri:0, instance:com.scripts.MavenCrossBrowserTesting.TestActitimeLogin@56ef9176]" name="openApp" is-config="true" duration-ms="0" started-at="2020-06-21T12:50:57Z" finished-at="2020-06-21T12:50:57Z">
          <reporter-output>
          </reporter-output>
        </test-method> <!-- openApp -->
        <test-method status="SKIP" signature="login()[pri:0, instance:com.scripts.MavenCrossBrowserTesting.TestActitimeLogin@56ef9176]" name="login" duration-ms="10" started-at="2020-06-21T12:50:57Z" finished-at="2020-06-21T12:50:57Z">
          <reporter-output>
          </reporter-output>
        </test-method> <!-- login -->
      </class> <!-- com.scripts.MavenCrossBrowserTesting.TestActitimeLogin -->
    </test> <!-- TestFirefox -->
    <test name="TestChrome" duration-ms="21632" started-at="2020-06-21T16:50:57Z" finished-at="2020-06-21T16:51:19Z">
      <class name="com.scripts.MavenCrossBrowserTesting.TestActitimeLogin">
        <test-method status="PASS" signature="openBrowser(java.lang.String)[pri:0, instance:com.scripts.MavenCrossBrowserTesting.TestActitimeLogin@60c6f5b]" name="openBrowser" is-config="true" duration-ms="3474" started-at="2020-06-21T12:50:57Z" finished-at="2020-06-21T12:51:01Z">
          <params>
            <param index="0">
              <value>
                <![CDATA[chrome]]>
              </value>
            </param>
          </params>
          <reporter-output>
          </reporter-output>
        </test-method> <!-- openBrowser -->
        <test-method status="PASS" signature="openApp()[pri:0, instance:com.scripts.MavenCrossBrowserTesting.TestActitimeLogin@60c6f5b]" name="openApp" is-config="true" duration-ms="15790" started-at="2020-06-21T12:51:01Z" finished-at="2020-06-21T12:51:17Z">
          <reporter-output>
          </reporter-output>
        </test-method> <!-- openApp -->
        <test-method status="PASS" signature="login()[pri:0, instance:com.scripts.MavenCrossBrowserTesting.TestActitimeLogin@60c6f5b]" name="login" duration-ms="2364" started-at="2020-06-21T12:51:17Z" finished-at="2020-06-21T12:51:19Z">
          <reporter-output>
          </reporter-output>
        </test-method> <!-- login -->
      </class> <!-- com.scripts.MavenCrossBrowserTesting.TestActitimeLogin -->
    </test> <!-- TestChrome -->
    <test name="TestInternetExplorer" duration-ms="9143" started-at="2020-06-21T16:51:19Z" finished-at="2020-06-21T16:51:28Z">
      <class name="com.scripts.MavenCrossBrowserTesting.TestActitimeLogin">
        <test-method status="PASS" signature="openBrowser(java.lang.String)[pri:0, instance:com.scripts.MavenCrossBrowserTesting.TestActitimeLogin@21213b92]" name="openBrowser" is-config="true" duration-ms="2113" started-at="2020-06-21T12:51:19Z" finished-at="2020-06-21T12:51:21Z">
          <params>
            <param index="0">
              <value>
                <![CDATA[internetexplorer]]>
              </value>
            </param>
          </params>
          <reporter-output>
          </reporter-output>
        </test-method> <!-- openBrowser -->
        <test-method status="PASS" signature="openApp()[pri:0, instance:com.scripts.MavenCrossBrowserTesting.TestActitimeLogin@21213b92]" name="openApp" is-config="true" duration-ms="6628" started-at="2020-06-21T12:51:21Z" finished-at="2020-06-21T12:51:28Z">
          <reporter-output>
          </reporter-output>
        </test-method> <!-- openApp -->
        <test-method status="FAIL" signature="login()[pri:0, instance:com.scripts.MavenCrossBrowserTesting.TestActitimeLogin@21213b92]" name="login" duration-ms="394" started-at="2020-06-21T12:51:28Z" finished-at="2020-06-21T12:51:28Z">
          <exception class="org.openqa.selenium.NoSuchElementException">
            <message>
              <![CDATA[Unable to find element with id == username (WARNING: The server did not provide any stacktrace information)
Command duration or timeout: 313 milliseconds
For documentation on this error, please visit: http://seleniumhq.org/exceptions/no_such_element.html
Build info: version: '2.52.0', revision: '4c2593cfc3689a7fcd7be52549167e5ccc93ad28', time: '2016-02-11 11:22:43'
System info: host: 'lenovo-PC', ip: '192.168.43.184', os.name: 'Windows 8', os.arch: 'amd64', os.version: '6.2', java.version: '1.8.0_251'
Driver info: org.openqa.selenium.ie.InternetExplorerDriver
Capabilities [{browserAttachTimeout=0, enablePersistentHover=true, ie.forceCreateProcessApi=false, pageLoadStrategy=normal, ie.usePerProcessProxy=false, ignoreZoomSetting=false, handlesAlerts=true, version=10, platform=WINDOWS, nativeEvents=true, ie.ensureCleanSession=false, elementScrollBehavior=0, ie.browserCommandLineSwitches=, requireWindowFocus=false, browserName=internet explorer, initialBrowserUrl=http://localhost:27905/, takesScreenshot=true, javascriptEnabled=true, ignoreProtectedModeSettings=false, enableElementCacheCleanup=true, cssSelectorsEnabled=true, unexpectedAlertBehaviour=dismiss}]
Session ID: f18aef63-4382-4e1c-a31a-ebbae81380ff
*** Element info: {Using=id, value=username}]]>
            </message>
            <full-stacktrace>
              <![CDATA[org.openqa.selenium.NoSuchElementException: Unable to find element with id == username (WARNING: The server did not provide any stacktrace information)
Command duration or timeout: 313 milliseconds
For documentation on this error, please visit: http://seleniumhq.org/exceptions/no_such_element.html
Build info: version: '2.52.0', revision: '4c2593cfc3689a7fcd7be52549167e5ccc93ad28', time: '2016-02-11 11:22:43'
System info: host: 'lenovo-PC', ip: '192.168.43.184', os.name: 'Windows 8', os.arch: 'amd64', os.version: '6.2', java.version: '1.8.0_251'
Driver info: org.openqa.selenium.ie.InternetExplorerDriver
Capabilities [{browserAttachTimeout=0, enablePersistentHover=true, ie.forceCreateProcessApi=false, pageLoadStrategy=normal, ie.usePerProcessProxy=false, ignoreZoomSetting=false, handlesAlerts=true, version=10, platform=WINDOWS, nativeEvents=true, ie.ensureCleanSession=false, elementScrollBehavior=0, ie.browserCommandLineSwitches=, requireWindowFocus=false, browserName=internet explorer, initialBrowserUrl=http://localhost:27905/, takesScreenshot=true, javascriptEnabled=true, ignoreProtectedModeSettings=false, enableElementCacheCleanup=true, cssSelectorsEnabled=true, unexpectedAlertBehaviour=dismiss}]
Session ID: f18aef63-4382-4e1c-a31a-ebbae81380ff
*** Element info: {Using=id, value=username}
	at sun.reflect.NativeConstructorAccessorImpl.newInstance0(Native Method)
	at sun.reflect.NativeConstructorAccessorImpl.newInstance(Unknown Source)
	at sun.reflect.DelegatingConstructorAccessorImpl.newInstance(Unknown Source)
	at java.lang.reflect.Constructor.newInstance(Unknown Source)
	at org.openqa.selenium.remote.ErrorHandler.createThrowable(ErrorHandler.java:206)
	at org.openqa.selenium.remote.ErrorHandler.throwIfResponseFailed(ErrorHandler.java:158)
	at org.openqa.selenium.remote.RemoteWebDriver.execute(RemoteWebDriver.java:678)
	at org.openqa.selenium.remote.RemoteWebDriver.findElement(RemoteWebDriver.java:363)
	at org.openqa.selenium.remote.RemoteWebDriver.findElementById(RemoteWebDriver.java:413)
	at org.openqa.selenium.By$ById.findElement(By.java:218)
	at org.openqa.selenium.remote.RemoteWebDriver.findElement(RemoteWebDriver.java:355)
	at org.openqa.selenium.support.pagefactory.DefaultElementLocator.findElement(DefaultElementLocator.java:69)
	at org.openqa.selenium.support.pagefactory.internal.LocatingElementHandler.invoke(LocatingElementHandler.java:38)
	at com.sun.proxy.$Proxy9.sendKeys(Unknown Source)
	at com.pages.MavenCrossBrowserTesting.POMActitimeLoginPages.loginMethod(POMActitimeLoginPages.java:34)
	at com.scripts.MavenCrossBrowserTesting.TestActitimeLogin.login(TestActitimeLogin.java:16)
	at sun.reflect.NativeMethodAccessorImpl.invoke0(Native Method)
	at sun.reflect.NativeMethodAccessorImpl.invoke(Unknown Source)
	at sun.reflect.DelegatingMethodAccessorImpl.invoke(Unknown Source)
	at java.lang.reflect.Method.invoke(Unknown Source)
	at org.testng.internal.MethodInvocationHelper.invokeMethod(MethodInvocationHelper.java:86)
	at org.testng.internal.Invoker.invokeMethod(Invoker.java:643)
	at org.testng.internal.Invoker.invokeTestMethod(Invoker.java:820)
	at org.testng.internal.Invoker.invokeTestMethods(Invoker.java:1128)
	at org.testng.internal.TestMethodWorker.invokeTestMethods(TestMethodWorker.java:129)
	at org.testng.internal.TestMethodWorker.run(TestMethodWorker.java:112)
	at org.testng.TestRunner.privateRun(TestRunner.java:782)
	at org.testng.TestRunner.run(TestRunner.java:632)
	at org.testng.SuiteRunner.runTest(SuiteRunner.java:366)
	at org.testng.SuiteRunner.runSequentially(SuiteRunner.java:361)
	at org.testng.SuiteRunner.privateRun(SuiteRunner.java:319)
	at org.testng.SuiteRunner.run(SuiteRunner.java:268)
	at org.testng.SuiteRunnerWorker.runSuite(SuiteRunnerWorker.java:52)
	at org.testng.SuiteRunnerWorker.run(SuiteRunnerWorker.java:86)
	at org.testng.TestNG.runSuitesSequentially(TestNG.java:1244)
	at org.testng.TestNG.runSuitesLocally(TestNG.java:1169)
	at org.testng.TestNG.run(TestNG.java:1064)
	at org.testng.remote.AbstractRemoteTestNG.run(AbstractRemoteTestNG.java:126)
	at org.testng.remote.RemoteTestNG.initAndRun(RemoteTestNG.java:137)
	at org.testng.remote.RemoteTestNG.main(RemoteTestNG.java:58)
]]>
            </full-stacktrace>
          </exception> <!-- org.openqa.selenium.NoSuchElementException -->
          <reporter-output>
          </reporter-output>
        </test-method> <!-- login -->
      </class> <!-- com.scripts.MavenCrossBrowserTesting.TestActitimeLogin -->
    </test> <!-- TestInternetExplorer -->
  </suite> <!-- Suite -->
</testng-results>
